<?xml version="1.0" encoding="UTF-8"?>
<!-- Generated by org.testng.reporters.JUnitXMLReporter -->
<testsuite ignored="1" hostname="DESKTOP-MNQ0ULB" failures="0" tests="3" name="ExcludeTestfromClass" time="0.122" errors="0" timestamp="2022-09-23T00:11:56 IST">
  <testcase classname="TestPackage.Class2" name="First" time="0.014"/>
  <testcase classname="TestPackage.Class2" name="LaunchChrome" time="0.006"/>
  <testcase classname="TestPackage.Class2" name="HitUrl" time="0.001"/>
  <testcase classname="TestPackage.Class2" name="Class2Testday3" time="0.0">
    <ignored/>
  </testcase> <!-- Class2Testday3 -->
</testsuite> <!-- ExcludeTestfromClass -->
