<?xml version="1.0" encoding="UTF-8"?>
<!-- Generated by org.testng.reporters.JUnitXMLReporter -->
<testsuite ignored="4" hostname="DESKTOP-MNQ0ULB" failures="0" tests="3" name="Test" time="0.097" errors="0" timestamp="2022-09-23T00:27:21 IST">
  <testcase classname="TestPackage.Basics" name="Atest2" time="0.012"/>
  <testcase classname="TestPackage.Basics" name="Btest1" time="0.002"/>
  <testcase classname="TestPackage.Class2" name="Class2Testday3" time="0.002"/>
  <testcase classname="TestPackage.Class2" name="First" time="0.0">
    <ignored/>
  </testcase> <!-- First -->
  <testcase classname="TestPackage.Class2" name="HitUrl" time="0.0">
    <ignored/>
  </testcase> <!-- HitUrl -->
  <testcase classname="TestPackage.Basics" name="LoginApp" time="0.0">
    <ignored/>
  </testcase> <!-- LoginApp -->
  <testcase classname="TestPackage.Class2" name="LaunchChrome" time="0.0">
    <ignored/>
  </testcase> <!-- LaunchChrome -->
</testsuite> <!-- Test -->
