<?xml version="1.0" encoding="UTF-8"?>
<testng-results ignored="4" total="7" passed="3" failed="0" skipped="0">
  <reporter-output>
  </reporter-output>
  <suite started-at="2022-09-23T00:27:21 IST" name="RegTesting" finished-at="2022-09-23T00:27:21 IST" duration-ms="97">
    <groups>
      <group name="Smoke">
        <method signature="Basics.Atest2()[pri:0, instance:TestPackage.Basics@57af006c]" name="Atest2" class="TestPackage.Basics"/>
        <method signature="Basics.Btest1(java.lang.String,java.lang.String)[pri:0, instance:TestPackage.Basics@57af006c]" name="Btest1" class="TestPackage.Basics"/>
        <method signature="Class2.Class2Testday3()[pri:0, instance:TestPackage.Class2@ea6147e]" name="Class2Testday3" class="TestPackage.Class2"/>
      </group> <!-- Smoke -->
    </groups>
    <test started-at="2022-09-23T00:27:21 IST" name="Test" finished-at="2022-09-23T00:27:21 IST" duration-ms="97">
      <class name="TestPackage.Basics">
        <test-method signature="Atest2()[pri:0, instance:TestPackage.Basics@57af006c]" started-at="2022-09-23T00:27:21 IST" name="Atest2" finished-at="2022-09-23T00:27:21 IST" duration-ms="12" status="PASS">
          <reporter-output>
          </reporter-output>
        </test-method> <!-- Atest2 -->
        <test-method signature="Btest1(java.lang.String,java.lang.String)[pri:0, instance:TestPackage.Basics@57af006c]" started-at="2022-09-23T00:27:21 IST" name="Btest1" finished-at="2022-09-23T00:27:21 IST" duration-ms="2" status="PASS">
          <params>
            <param index="0">
              <value>
                <![CDATA[http://citibank.co.in/]]>
              </value>
            </param>
            <param index="1">
              <value>
                <![CDATA[1234565]]>
              </value>
            </param>
          </params>
          <reporter-output>
          </reporter-output>
        </test-method> <!-- Btest1 -->
      </class> <!-- TestPackage.Basics -->
      <class name="TestPackage.Class2">
        <test-method signature="Class2Testday3()[pri:0, instance:TestPackage.Class2@ea6147e]" started-at="2022-09-23T00:27:21 IST" name="Class2Testday3" finished-at="2022-09-23T00:27:21 IST" duration-ms="2" status="PASS">
          <reporter-output>
          </reporter-output>
        </test-method> <!-- Class2Testday3 -->
      </class> <!-- TestPackage.Class2 -->
    </test> <!-- Test -->
  </suite> <!-- RegTesting -->
</testng-results>
